{"/workspace/exercise-unit-test-with-jest/app.js": {"path":"/workspace/exercise-unit-test-with-jest/app.js","statementMap":{"0":{"start":{"line":1,"column":12},"end":{"line":3,"column":1}},"1":{"start":{"line":2,"column":4},"end":{"line":2,"column":16}},"2":{"start":{"line":5,"column":0},"end":{"line":5,"column":22}},"3":{"start":{"line":7,"column":0},"end":{"line":7,"column":25}}},"fnMap":{"0":{"name":"(anonymous_0)","decl":{"start":{"line":1,"column":12},"end":{"line":1,"column":13}},"loc":{"start":{"line":1,"column":21},"end":{"line":3,"column":1}},"line":1}},"branchMap":{},"s":{"0":1,"1":2,"2":1,"3":1},"f":{"0":2},"b":{},"_coverageSchema":"1a1c01bbd47fc00a2c39e90264f33305004495a9","hash":"fc1295073c15fb8a279f22d52d83453569e0f4a4"}
}
